58s7xrcgp3gnin75aor6gf98po
9zqw5971qp8h5mpi81yb6g9zha
7uko4tco5ifnigytb79wdezd3a
mrne9w9ur7fqjbiqyfjkn7nh9o
mbd43kbx4pfmzc1w3w1p36yaye
gebnz5tg9tntpeetxup9n58s5o
e5kgmrxpb7bwxdwi9jhabhdcqy
gdjwfnhjjfn7fpz9x13z68xd4w
m3kncaazepdoze6r9xatyjzqxa
k6hq65tjm7n79eq7c7i41rmjza
ezmpb5jdw78ax8cdjxyoii5nuo
zjuk3dh8d3n8uxgocr1e38pyfe
da99n6pgdfypmd7eypdqk7j1sa
611xrrtiif8bpewm1ke5aa5xbr
q96wmx5qs3r1u8rtrxyggu11ir
zhcxtbu44f8sbnz8wpzt1u9uta
szrrh6oraidq5q9i9brkaqkhso
bjeykzremjfj5g1psuras61gee
jmigo3ngi3rdmpbzjb9higydkw
ce55eda867dotbc383moqeu1ae
shqwxoxs67nd9enkhay56jfyma
79gt3k1czjym9xaxcr3mw1dcte
t8zgua7g33gjmy7jpniwhby35e
i3mimqq3djd4iy95o77wbdcd8a
hxaqro8a5tnw9jinoz6gamnqrw
xj3hucrrdtb87e3jdbjx74ndha
4j8fkgg6ff8ujmk1qjcscn8q7h
