79gt3k1czjym9xaxcr3mw1dcte
i3mimqq3djd4iy95o77wbdcd8a
shqwxoxs67nd9enkhay56jfyma
mbd43kbx4pfmzc1w3w1p36yaye
611xrrtiif8bpewm1ke5aa5xbr
ezmpb5jdw78ax8cdjxyoii5nuo
xj3hucrrdtb87e3jdbjx74ndha
4j8fkgg6ff8ujmk1qjcscn8q7h
58s7xrcgp3gnin75aor6gf98po
zhcxtbu44f8sbnz8wpzt1u9uta
58s7xrcgp3gnin75aor6gf98po
da99n6pgdfypmd7eypdqk7j1sa
m3kncaazepdoze6r9xatyjzqxa
mrne9w9ur7fqjbiqyfjkn7nh9o
7uko4tco5ifnigytb79wdezd3a
bjeykzremjfj5g1psuras61gee
e5kgmrxpb7bwxdwi9jhabhdcqy
gdjwfnhjjfn7fpz9x13z68xd4w
t8zgua7g33gjmy7jpniwhby35e
jmigo3ngi3rdmpbzjb9higydkw
6ahb53q657bopkyhi1hj5p7w6r
86rsjbhh37y1jbfhxuhrqnb4ae
9zqw5971qp8h5mpi81yb6g9zha
by1mdhs18frmdfi7i5yugqnfmw
hxaqro8a5tnw9jinoz6gamnqrw
k6hq65tjm7n79eq7c7i41rmjza
q96wmx5qs3r1u8rtrxyggu11ir
szrrh6oraidq5q9i9brkaqkhso
ce55eda867dotbc383moqeu1ae
zjuk3dh8d3n8uxgocr1e38pyfe
gebnz5tg9tntpeetxup9n58s5o
3kyyh5tscinexd7yjjiwoeyn6h
d7q6761rkbyi3q3rqrtckdmubr
qne7gtrnginxzxdn7u1uobp43c
tjfys9h1qirsfj6iuxw46xwbtr
1eqoux5y4b839cynua1xhcfxsr
ao5xswhzabn3pjphmms1mkizfe
eh5k8j3yi3gm3gf4yr53nenr9e
fzhnudmp8pgujgm13homoye8dr
m3r6mpab7bdafgms6azo6xf33a
pof4fmgzkby7dft6nf18mkbs8e
r11bsyfx87y63r5ai9dp7u5oxr
wekyu1cawiry9yc71arh5wdrha
wersa4kjpbfi7j8j7jannrh54r
xw4heqd5kjrrxpg539mfgbaoxy
yipjz849z3brdrfag9ty417rgo
yocdihjb3igfdmtdg694ifoe7a
uo9sygcj67frbqm9smh73zr8wo
ep5wmummtpbpxk7qiz8o37wzxy
7oug39t4mtghjpjdxp8w9pksbh
u4jihq3brp8o7jojig7mqu3zoy
aj8mcxae3b85pyh4ohp94roqoa
55qisg8eyjbopnojjinudyfz6e
5zy8cfbdmifyd8w4xwaiiqc6hr
8ybdb1trsigd8f5sp743p5puey
wa6hqf54hfgr7x9egx96ixqpph
sjuz89jioiny9n7is9znawgx1c
pr6stppgt7g6mbm1gui7pz9ehy
azkqabfyajd15m3jtndf79oi3y
k9p43bryhpfo3ptmx8cpdbfmxe
mjqf9ne9bty4pgujy8pbg3h5zo
eawwpk3cjfnrdpbosgatkrh55r
9riiyhfzipbodep9ztfg8o98ky
br5k7684zigr8kwes5o7r8im7a
rbefyjfmkpft7q7xq99uo6xbzr
zp6wtadxyb8gbd3r4dqkog8dfo
knf1ofr5fink88f85ysf6t3cfa
peofb4wmxjr9xr9ix778jzns8y
sm4xst7ftig59gsgt3aeg8xeuo
bjw7app14f8xdngzk1ckaa5xjh
jq3ggpudef8hfkh5a3xmoanqah
cdnj3gwuz7rqzc1pjop65dnokr
u34969y3xjygubu6rasjj5nqeh
ht1yzxk5yfb5jr66tamg93xkzy
u17o9mc3uj8rxfcf5zqrse41hw
oj3qt6dfsjge5c8k4s18kkcj9a
97a1g815x3ye5qity9acth579w
etf6cg1r7fbptfcnb1kb891o3y
bdfbzgegp3ykmmqquo7dxwt4cc
jeh8jpors7ysde1u3ymkba4fta
yr9m7kmb63bydg139ds1g1toia
fphrq68na3y87mq6dmxuugudzo
zoyocyqc37n8ip6ga3qpw99a6c
baiq5kz94bd4myubkzcip5rx5a
cgnp933eqbdi7rawac9e6twg4o
7tpre66nhb8fim9hbdn8pfxmxy
ccfiste7wbbc8kzd8kh6ydhh4w
ntbgtqi87jdspp6wfw87ghjxqr
s5oujcm9b7r1zj1uanzomjfrdy
xan4ohrnk7bx7ba31g4hqp3kaw
pi61m6dp9jgxjpwju7gsygoqrh
kgnwcj8roj8x9bk6awxs3eb7ee
d34orrdqc7r1txahhp8gr768dc
9p3s6ox43p8xxbzmqj1ijhze1a
8418biktu7byimwnpw55zn3f6r
hkkscjmubig7dew9i133frkbby
bxrpo6yw9bbfdqz37ob3xjzm9c
qkqkj5q5afribfbkzckp5egnpw
3x5m16z347buibpihyjrdxww3a
r7wgt9j3k7ymir3u6ds4h6b73e
5dz15nh4ctb5tr5jm734zi9cue
bj5zysnudt8azjdqo6w51x9kto
gy5qw7gqjiyk3b7n6gz6xhnq1r
hedoc9oj5fri8y5o5n5a5bxjwo
s9wp41ozn7rjiyr4ghnfh8c4go
fjqku113z3gqze6u3qfatyckfr
3do99qfk7jb4de8d35qcdbek5e
tco1hcer5t85tq4xgq1h71aide
9umu4b1bdpbm886wfbe1hw3epy
iewmhc4ry3fufphz4bnae18itr
kf7amfdpij8a9gb74n75grpcgo
neitx5ukzpytb8jxnus3c7aioa
ogh17y45stb6pry97mitrqtx4c
q39otcptypgiznddwa6u3n5yzc
t5tzm4efu7bgte4tgpw3o4socy
x4bkorsme7fi8dm6zq5nshbxzy
5mtpxwhj3t8kjfinxthwj71e7o
hnpc7ymb7iyixxz1ef949nn3dw
mnxye1w7wfyxfgpd4d3chwckdr
t5kdc1ypu7g7uq659j1omug8br
6ophmhfouiggmp864xggq94yyc
adbdrnfsiidgtrcyie8baykgny
zqk54kf1bpdnjrkezxkqgm316a
i9r3oyaryfgoxxr4mxgkw8bemy
jix9eywmnbnkx86a73r6ycgwyr
tjcb9t1faprbm8qq7n7kz1hz6h
13e7i34fhtg7xqmdsj1y4mwn7o
446prucr3jbiijdsfb1ayc3t4r
b6g4dywuk7nw5c8qq4t4ka86mw
3o9pjde8mtyxmx34imejsaaz6o
i8xihoabmideix7jqy594q9a8o
mm7jhnhjhfr4xn4s9c6exfj3de
qjnr5ykk3jgzjgr3mhmwytweeo
tahexsebzpf5tcc6kfr7upb57w
5nepqudcafd13djtzxfw1kfise
adpbccgkcpdbzgkyny7gpt66zy
ccsi3gzk9jg69m1e1we6hz4eta
dttz7oaytid5ppwt6pahkoe6pa
e7zr5gxgktbh3rznnfoojwjk3o
qn1ueqanabrij8bk5igy13furh
u475ewmetpf6fesp3i7ip6j9qr
wr5ac97yuirjfma6hf71yta36w
6om8jexwnfntiqphrtbnp3z6dr
h4mrx8gndpb3fb931rjt375ijo
5me4u9ziujb3fc9nkrxt1sww8o
5qp6e1a6etfs7qewwqg7a1pkso
5qxzebi8i7fc9jeqxrks7m8phh
7b1ixthfyfr37fj1prhf8wfhfh
7fb5rmphyiy4d891g4s757m8se
7hrzfrwy8bb1mn5aux74h4n6jy
7rx6hq5s43yrbp9da5picenx1o
c37o3jmigpfzbfkf3a8437dg6a
ctx5j6azef8smdm55aokdpf3xa
daxbxfcwsbbabxopwrr9xfr5ch
f75t3u8a1igrpd4mpzerfgoexo
ifcm5s9sbfr9dy9imyamq6x4hy
mhkjy3s1c3f8zyjhz9tt7k4wac
neecteznrjycfj6mpbw53u8upy
u1x6xje9gfde5qf9y56iic9f5e
y9w7kz3xrpy4dqzhgqf6k4mb7a
i5e7qithm7yqix943a3t3z9n4a
oqah43c18fnp3qyyic4r9u6wyc
rt773b96tbn37e8o5q7wp95r9a
np3kmaud8jb5dkjtbt47k3gray
zy9nzig4mtbn8et374kmitjsiw
mp4aqddwridy5ennhttsz7fo3o
or3jpyh8q7dq7gdmh5bkborsqh
ywr6smj76b86ppswpwojca8c4c
4ecniqyjmjrwuxcmpxmxca983r
5k5rsc6hpfdeugtm639ghhbaaw
dq8y4s1cfifojx3uy5izxun8nh
gtgn57ukdf8epe9wtapa7e3bah
pp9fcrpbq7fafnxdc4gahoqpje
s9jj7q89xbgquyosrpqf8yb3wc
4ecniqyjmjrwuxcmpxmxca983r
5k5rsc6hpfdeugtm639ghhbaaw
dq8y4s1cfifojx3uy5izxun8nh
pp9fcrpbq7fafnxdc4gahoqpje
s9jj7q89xbgquyosrpqf8yb3wc
1f5xfibtyjy7z8c8as3huxbj3r
jgxkzsm5s3gpzqq5joor79f5oh
dmhqqsamkfgifpgta444ixk9na
abfibbotq3btbgsnpm5h9jhfuh
pidg84bipircb8d3hqdxnmrosr
8wfmk11idtge8rgstdb7dh9j4a
6ophmhfouiggmp864xggq94yyc
adbdrnfsiidgtrcyie8baykgny
