79gt3k1czjym9xaxcr3mw1dcte
i3mimqq3djd4iy95o77wbdcd8a
shqwxoxs67nd9enkhay56jfyma
mbd43kbx4pfmzc1w3w1p36yaye
611xrrtiif8bpewm1ke5aa5xbr
ezmpb5jdw78ax8cdjxyoii5nuo
xj3hucrrdtb87e3jdbjx74ndha
4j8fkgg6ff8ujmk1qjcscn8q7h
58s7xrcgp3gnin75aor6gf98po
zhcxtbu44f8sbnz8wpzt1u9uta
58s7xrcgp3gnin75aor6gf98po
da99n6pgdfypmd7eypdqk7j1sa
m3kncaazepdoze6r9xatyjzqxa
mrne9w9ur7fqjbiqyfjkn7nh9o
7uko4tco5ifnigytb79wdezd3a
bjeykzremjfj5g1psuras61gee
e5kgmrxpb7bwxdwi9jhabhdcqy
gdjwfnhjjfn7fpz9x13z68xd4w
t8zgua7g33gjmy7jpniwhby35e
jmigo3ngi3rdmpbzjb9higydkw
6ahb53q657bopkyhi1hj5p7w6r
86rsjbhh37y1jbfhxuhrqnb4ae
9zqw5971qp8h5mpi81yb6g9zha
by1mdhs18frmdfi7i5yugqnfmw
hxaqro8a5tnw9jinoz6gamnqrw
k6hq65tjm7n79eq7c7i41rmjza
q96wmx5qs3r1u8rtrxyggu11ir
szrrh6oraidq5q9i9brkaqkhso
a45w5xy87fyifr68a5fcgjz5uy
app67a7sojf6fpp3eowfa35g1o
fu6b88gwmidw9euo97n83fttty
gwd6ecrx5bnydknhurram1wksr
gxaa58qw9jb4fdc6jts6b8uich
jhdpf831zt8hjdfidymfx3nbuh
kc6ge5uhj78d5n8ktum6o6zkpa
m8dhit9qxiyxmgmo3ihi7zhj7y
nx4h5jeambdj3qxuexnthm7uyr
r7338ri4gigr7cixejr3i43fie
s1okin8sttr6tptm166u3c1kse
wwiezbg5tb8epr4kh3ykryoe6h
17354enyrtfc9gwzwdag86sn8o
mazw6iffdb8mjf67gzigw1jaia
3q75o659p3d97pzdfiharz9udr
6m5apencu3ns3q9zfwrfumzphy
6xikij88q3nm9b4wiim88846jc
943fmf53mff8tmkb5tkfzg4m3w
a76fiwh3f3ys5ystodp6xu8pec
aibpwsbcu3rmzqw8nkzhekpixo
amh3o6q1gtrrpmyfuyimyjroiw
chgaiiwgypn1j8fjq3ehzj559r
k6px4en5qb8mmnm37gn9hi873c
mr81uktoujyobgzects6yd6i3o
q66acc3zqbyrikxyn86zka874y
qg98xr5r678mie4xhnrqosfq5e
cu3cxwt9sif3mk7ws9ymctmyic
eehnbq1tmprdxkiba8yhqbpymh
x8ex5rje7b8tiemzwm95xrrhsh
3son6zmfj3g39ybiyphg9kjh8r
5mwaopfuffn65k79ots7fc4hcy
6b7x8szm3t8nbfxkzcf47itk1y
7x55yx43uby7bqfkt4yopybd7y
97iot1xhiib4tgqzexi8nr644r
9keai7w4ytrffj8i14rdxwtb7c
bk1m1eofo3njpxm5j8y6z3xpmw
c5ic3twgaffp8rm6pd534pnt8w
fxhiqz9sf3btjjyxirby5xueyo
kaqxdba6wjny3foggtc35cpx3e
kxgb8qnf6pbc98xzd9qijpe5qw
mz5jdwstejfgmgfhctpfbcpw4h
nxx1k7jjm7gniqf6xeo8zedi9o
tywhdn9rwjbxtcqp59hbn4xzdh
w8to9zwufbyspfdr149sc8eafr
ce55eda867dotbc383moqeu1ae
zjuk3dh8d3n8uxgocr1e38pyfe
gebnz5tg9tntpeetxup9n58s5o
3kyyh5tscinexd7yjjiwoeyn6h
d7q6761rkbyi3q3rqrtckdmubr
qne7gtrnginxzxdn7u1uobp43c
tjfys9h1qirsfj6iuxw46xwbtr
1eqoux5y4b839cynua1xhcfxsr
ao5xswhzabn3pjphmms1mkizfe
eh5k8j3yi3gm3gf4yr53nenr9e
fzhnudmp8pgujgm13homoye8dr
m3r6mpab7bdafgms6azo6xf33a
pof4fmgzkby7dft6nf18mkbs8e
r11bsyfx87y63r5ai9dp7u5oxr
wekyu1cawiry9yc71arh5wdrha
wersa4kjpbfi7j8j7jannrh54r
xw4heqd5kjrrxpg539mfgbaoxy
yipjz849z3brdrfag9ty417rgo
yocdihjb3igfdmtdg694ifoe7a
uo9sygcj67frbqm9smh73zr8wo
ofr36mkh5tr7pk88d6965h7k1o
1r15neoeh3dt3rh46ow58xm4pa
ep5wmummtpbpxk7qiz8o37wzxy
7oug39t4mtghjpjdxp8w9pksbh
u4jihq3brp8o7jojig7mqu3zoy
aj8mcxae3b85pyh4ohp94roqoa
55qisg8eyjbopnojjinudyfz6e
5zy8cfbdmifyd8w4xwaiiqc6hr
8ybdb1trsigd8f5sp743p5puey
wa6hqf54hfgr7x9egx96ixqpph
sjuz89jioiny9n7is9znawgx1c
pr6stppgt7g6mbm1gui7pz9ehy
azkqabfyajd15m3jtndf79oi3y
k9p43bryhpfo3ptmx8cpdbfmxe
mjqf9ne9bty4pgujy8pbg3h5zo
eawwpk3cjfnrdpbosgatkrh55r
9riiyhfzipbodep9ztfg8o98ky
br5k7684zigr8kwes5o7r8im7a
rbefyjfmkpft7q7xq99uo6xbzr
zp6wtadxyb8gbd3r4dqkog8dfo
knf1ofr5fink88f85ysf6t3cfa
peofb4wmxjr9xr9ix778jzns8y
sm4xst7ftig59gsgt3aeg8xeuo
bjw7app14f8xdngzk1ckaa5xjh
jq3ggpudef8hfkh5a3xmoanqah
cdnj3gwuz7rqzc1pjop65dnokr
u34969y3xjygubu6rasjj5nqeh
ht1yzxk5yfb5jr66tamg93xkzy
u17o9mc3uj8rxfcf5zqrse41hw
oj3qt6dfsjge5c8k4s18kkcj9a
97a1g815x3ye5qity9acth579w
etf6cg1r7fbptfcnb1kb891o3y
bdfbzgegp3ykmmqquo7dxwt4cc
1f5xfibtyjy7z8c8as3huxbj3r
jgxkzsm5s3gpzqq5joor79f5oh
dmhqqsamkfgifpgta444ixk9na
abfibbotq3btbgsnpm5h9jhfuh
pidg84bipircb8d3hqdxnmrosr
8wfmk11idtge8rgstdb7dh9j4a
6ophmhfouiggmp864xggq94yyc
adbdrnfsiidgtrcyie8baykgny
zqk54kf1bpdnjrkezxkqgm316a
jeh8jpors7ysde1u3ymkba4fta
yr9m7kmb63bydg139ds1g1toia
fphrq68na3y87mq6dmxuugudzo
zoyocyqc37n8ip6ga3qpw99a6c
baiq5kz94bd4myubkzcip5rx5a
cgnp933eqbdi7rawac9e6twg4o
mookuy4unjncdf3uizq89jp43h
3wcjqiu5xiy45r9q8iukmnef7a
8xaeukt1kjgitpchykoe4u5z6c
o3tfe5uetty48p19c3u1xmqxsa
7tpre66nhb8fim9hbdn8pfxmxy
ccfiste7wbbc8kzd8kh6ydhh4w
ntbgtqi87jdspp6wfw87ghjxqr
s5oujcm9b7r1zj1uanzomjfrdy
xan4ohrnk7bx7ba31g4hqp3kaw
pi61m6dp9jgxjpwju7gsygoqrh
kgnwcj8roj8x9bk6awxs3eb7ee
d34orrdqc7r1txahhp8gr768dc
9p3s6ox43p8xxbzmqj1ijhze1a
8418biktu7byimwnpw55zn3f6r
hkkscjmubig7dew9i133frkbby
bxrpo6yw9bbfdqz37ob3xjzm9c
qkqkj5q5afribfbkzckp5egnpw
3x5m16z347buibpihyjrdxww3a
5dz15nh4ctb5tr5jm734zi9cue
bj5zysnudt8azjdqo6w51x9kto
gy5qw7gqjiyk3b7n6gz6xhnq1r
hedoc9oj5fri8y5o5n5a5bxjwo
r7wgt9j3k7ymir3u6ds4h6b73e
s9wp41ozn7rjiyr4ghnfh8c4go
fjqku113z3gqze6u3qfatyckfr
3do99qfk7jb4de8d35qcdbek5e
tco1hcer5t85tq4xgq1h71aide
9umu4b1bdpbm886wfbe1hw3epy
iewmhc4ry3fufphz4bnae18itr
kf7amfdpij8a9gb74n75grpcgo
neitx5ukzpytb8jxnus3c7aioa
ogh17y45stb6pry97mitrqtx4c
q39otcptypgiznddwa6u3n5yzc
t5tzm4efu7bgte4tgpw3o4socy
x4bkorsme7fi8dm6zq5nshbxzy
5mtpxwhj3t8kjfinxthwj71e7o
hnpc7ymb7iyixxz1ef949nn3dw
mnxye1w7wfyxfgpd4d3chwckdr
t5kdc1ypu7g7uq659j1omug8br
xpmqb8ox53byznu9ked9higefh
i9r3oyaryfgoxxr4mxgkw8bemy
jix9eywmnbnkx86a73r6ycgwyr
tjcb9t1faprbm8qq7n7kz1hz6h
13e7i34fhtg7xqmdsj1y4mwn7o
446prucr3jbiijdsfb1ayc3t4r
b6g4dywuk7nw5c8qq4t4ka86mw
3o9pjde8mtyxmx34imejsaaz6o
i8xihoabmideix7jqy594q9a8o
mm7jhnhjhfr4xn4s9c6exfj3de
qjnr5ykk3jgzjgr3mhmwytweeo
tahexsebzpf5tcc6kfr7upb57w
5nepqudcafd13djtzxfw1kfise
adpbccgkcpdbzgkyny7gpt66zy
ccsi3gzk9jg69m1e1we6hz4eta
dttz7oaytid5ppwt6pahkoe6pa
e7zr5gxgktbh3rznnfoojwjk3o
qn1ueqanabrij8bk5igy13furh
u475ewmetpf6fesp3i7ip6j9qr
wr5ac97yuirjfma6hf71yta36w
6om8jexwnfntiqphrtbnp3z6dr
h4mrx8gndpb3fb931rjt375ijo
5me4u9ziujb3fc9nkrxt1sww8o
5qp6e1a6etfs7qewwqg7a1pkso
5qxzebi8i7fc9jeqxrks7m8phh
7b1ixthfyfr37fj1prhf8wfhfh
7fb5rmphyiy4d891g4s757m8se
7hrzfrwy8bb1mn5aux74h4n6jy
7rx6hq5s43yrbp9da5picenx1o
c37o3jmigpfzbfkf3a8437dg6a
ctx5j6azef8smdm55aokdpf3xa
daxbxfcwsbbabxopwrr9xfr5ch
f75t3u8a1igrpd4mpzerfgoexo
ifcm5s9sbfr9dy9imyamq6x4hy
mhkjy3s1c3f8zyjhz9tt7k4wac
neecteznrjycfj6mpbw53u8upy
u1x6xje9gfde5qf9y56iic9f5e
y9w7kz3xrpy4dqzhgqf6k4mb7a
i5e7qithm7yqix943a3t3z9n4a
oqah43c18fnp3qyyic4r9u6wyc
rt773b96tbn37e8o5q7wp95r9a
np3kmaud8jb5dkjtbt47k3gray
zy9nzig4mtbn8et374kmitjsiw
mp4aqddwridy5ennhttsz7fo3o
or3jpyh8q7dq7gdmh5bkborsqh
ywr6smj76b86ppswpwojca8c4c
4ecniqyjmjrwuxcmpxmxca983r
5k5rsc6hpfdeugtm639ghhbaaw
dq8y4s1cfifojx3uy5izxun8nh
gtgn57ukdf8epe9wtapa7e3bah
pp9fcrpbq7fafnxdc4gahoqpje
s9jj7q89xbgquyosrpqf8yb3wc
4ecniqyjmjrwuxcmpxmxca983r
5k5rsc6hpfdeugtm639ghhbaaw
dq8y4s1cfifojx3uy5izxun8nh
pp9fcrpbq7fafnxdc4gahoqpje
s9jj7q89xbgquyosrpqf8yb3wc
89npfaxb6jfpumrj7sandg1e7r
rkhx9wghtid6iccgukux9rtt3y
yjy35tum4tg3p8outjynehrwny
7gchxbrq6jnsbdm7qpyw4ykf7a
uzzy53gx5pf1pnhzx8rsedtttw
jz7f9m11fbr8jrfcgrztk8qkkh
njkh7hbfpbycidy6cei477jatc
qi76o8kcitdr3ywzs1aq4oookh
be8mjm9jji8pmjbt3ss69pkqah
jtejg9fedj8xuerkyb11t31w5r
aqjgbafyiire7e8yupuhho59pr
us9j9aks3tde8gdmt9tqmig9ma
adb5qhawy7rz9eetuo8gm1sepa
bjy4ush8nbdtzydx6cu3pyhp6r
jaanyrzxo7dn9ksy1cizf5psua
un85pdmbjincdbox8njph76wta
n4etuspw9injfm8xgy5yith5ky
1oxyebttebgypmg1ord4fzie8w
cxzjusbfjidoifeeiscy3em9fo
8n6jhh6zgfnhzn7ycjxnkd5h4a
r49jtxxq1pnxfn7qxocjmubitc
9syd9fw1ztdupg84b5k5tcyjiy
gwfbttf1g3bnzmwmfwqu4bz9oh
7g57q7wjipbpzfj5mt15rmxrxw
awb8ix4p93y68fsr5wu5r83a4a
tr8rqukynfyzjx4od3mc9m9ary
repou6549jgifdh69dwmwz78tw
9h7hxfjxq78a9xoarmnz4yxufe
53yeemnkgbnf8gr9riiirxnguh
paexm3yxx38yirg8s9isus8o5y
8qaoypq89jrp5exde8wf73ghay
g66p8zkxw78cdfhuramo3oykxo
xkwhj7ks1frfdqf3r3zy66faqa
ynh8s1smzir1texpfkx55eqtqw
86ucz4nbrfrgjybktqzhd3c9hh
r4yn8gzenjf8dnwssnwbazjg5y
m5hphb7z5byddy5wb77zfwsfyy
y4pchh3mm7ybtyhc976jt5usia
owbufgibnind7yuxn7az6qd4kr
tj3kcak9pp83zk5k9atjf7kxmw
ujuzmo7b8fd85nan4wmn3gbmey
nfhra1s5sibgxk836r7867n1rc
ycphyuxsj3d6d8xo5uz7xuwyhe
iit633hqcfgu9ce8raj5h74apy
sfq6qmn4cfbx5q57wck6xjspia
ybqwcspu7t89bfffy99fg3mqzy
irbhdrmn8ffyur18rjco96y51o
9uyyceuuyinojpyggzfxmhopse
5wdihfo7nfnaxppwhq7crrw7qa
9kyj5d6zb3b48nwwh3bwss4nde
afi796ppb3gctnrguj8rtso1zr
bhkurzrqbp8g5rz18pqnh8qwwr
hf9acfb7epdgbmsskhx9ii6fgc
tfaau7p5s7nnpfy18o3ukzoaoa
uw56ifnq778h8bzbonmy3y4q1h
w8y5kfampjnt8bp8o9yy5zgt5h
y577w4adntf43kjjicad76xo7w
za55daj4kjg3zm4bayb9t85riw
11cd83nentyp3kor9hh74ekmir
c33ipzoebtrcmesu6unf1f6qnc
pefh44t3gfncbnksm18wjkxnco
9h8t3defrjrid8u9sxcxhdpy3w
itbe97pjs7fixku1d68hdqou4a
nkthft6kntrgjmpzycprk9efpr
pybmq8pmyjbdupgmamnrgqotqc
uzhuyzp7mpyzpqqrjpxekcf47r
xgcib99bmidr9yf9ksd3ghp9yh
ryns9xr3m7diieogsjhqhps34o
o18eh6owdfgf5bsstxqg8q7bqe
o8tq664egb83zr4b839th7sb1w
5sydck8a4jrwdnw8ux3tzhcexo
7ie4dmuk93g8bdnhkz9enkoqdw
cerg7ejqmpyxpbh1qkhddaamph
nd59uangktnnbg7gbxhna3kdpc
wmyajqg9xjfnuxqbxbc55jipnh
b4jhk4afpbn1uyrq7cmo84tbxh
sh9oktec8tb55yi4qkfh4c5cna
7bdxahj38iyw5f9jzuc7dnpmza
njpmf47xeinmzc3tatd4bap5zy
nowkmong8jny7eqzgqbi84yqzy
wcrn9yzdxtggbcomc9q4tt3u1h
748ziggqbtfcjxkrkf35pswaja
7rm8dz5qbp8k3fge9msh3ta3xo
gsfxzr5irpryzxd7o7f9srewor
meisaho9yin3zfo3nt3mfp6kxo
34fwyrh8m3duiqwgb5poeasajw
8zgmtst5fpbdzbyddcoheh8ney
g4ixai6gspf45nyhhwtz5px3mo
i8tt7qo8g7n88bgoqtfxtgtnrh
krro71umz3yy7p91b4z5ipjyjw
pex3gx1ztjghpbkqde5iychj6r
pytz3dmggpd93pqrn387mqqqwr
3nqfisytrfrc3yysudowew9nhw
yxiqsbgfffg88byhs66yi68c7h
zntz86ne3fdzik498spudzcete
3smrsnrqoif6pmakg86gq5q1dy
aq7dpyrbi3r7dn7ty7pu77jkxh
nnot4xjexbft3gwobk6mi66u8r
uayfhpf4x3nfddwm4rtq561amr
xcj8go47q7yemgt9tf6byf3q8y
